\BOOKMARK [1][-]{section.1}{Overview}{}% 1
\BOOKMARK [2][-]{subsection.1.1}{Shared Everything}{section.1}% 2
\BOOKMARK [3][-]{subsubsection.1.1.1}{Concept}{subsection.1.1}% 3
\BOOKMARK [3][-]{subsubsection.1.1.2}{Implementation}{subsection.1.1}% 4
\BOOKMARK [2][-]{subsection.1.2}{Shared Nothing}{section.1}% 5
\BOOKMARK [3][-]{subsubsection.1.2.1}{Concept}{subsection.1.2}% 6
\BOOKMARK [3][-]{subsubsection.1.2.2}{Implementation}{subsection.1.2}% 7
\BOOKMARK [1][-]{section.2}{Query Coordination}{}% 8
\BOOKMARK [1][-]{section.3}{Explain Plans}{}% 9
\BOOKMARK [2][-]{subsection.3.1}{Hue Text Based Explain Plan}{section.3}% 10
\BOOKMARK [2][-]{subsection.3.2}{Hue Visualized Explain Plan}{section.3}% 11
\BOOKMARK [1][-]{section.4}{Impala Server Components}{}% 12
\BOOKMARK [2][-]{subsection.4.1}{The Impala Statestore}{section.4}% 13
\BOOKMARK [2][-]{subsection.4.2}{The Impala Catalog Service}{section.4}% 14
\BOOKMARK [2][-]{subsection.4.3}{The Metastore}{section.4}% 15
\BOOKMARK [1][-]{section.5}{SQL Differences}{}% 16
\BOOKMARK [2][-]{subsection.5.1}{Table Creation}{section.5}% 17
\BOOKMARK [3][-]{subsubsection.5.1.1}{Internal and External Tables}{subsection.5.1}% 18
\BOOKMARK [3][-]{subsubsection.5.1.2}{Partitioning}{subsection.5.1}% 19
\BOOKMARK [2][-]{subsection.5.2}{Analytic Functions}{section.5}% 20
\BOOKMARK [1][-]{section.6}{Query Optimization}{}% 21
\BOOKMARK [2][-]{subsection.6.1}{Statistics}{section.6}% 22
\BOOKMARK [2][-]{subsection.6.2}{Manual Statistic Manipulation}{section.6}% 23
\BOOKMARK [2][-]{subsection.6.3}{SQL Hints}{section.6}% 24
\BOOKMARK [2][-]{subsection.6.4}{Monitoring Tools}{section.6}% 25
\BOOKMARK [1][-]{section.7}{File Formats}{}% 26
\BOOKMARK [2][-]{subsection.7.1}{Parquet}{section.7}% 27
\BOOKMARK [2][-]{subsection.7.2}{Avro}{section.7}% 28
\BOOKMARK [2][-]{subsection.7.3}{ORC}{section.7}% 29
\BOOKMARK [1][-]{section.8}{Appendix}{}% 30
\BOOKMARK [1][-]{section*.2}{References}{}% 31
